<?xml version="1.0" encoding="UTF-8"?>
<!-- Generated by org.testng.reporters.JUnitReportReporter -->
<testsuite hostname="SMRUTI-SOURAV" failures="0" tests="3" name="com.sdw.tests.HomePageTest" time="45.339" errors="0" timestamp="06 Feb 2024 18:17:01 GMT" skipped="0">
  <testcase classname="com.sdw.tests.HomePageTest" name="validateTheTitleOfHomePage" time="15.044"/>
  <testcase classname="com.sdw.tests.HomePageTest" name="validateTitleOfAccountingPage" time="12.606"/>
  <testcase classname="com.sdw.tests.HomePageTest" name="validateTitleOfMarketingAndExploringPage" time="17.689"/>
</testsuite> <!-- com.sdw.tests.HomePageTest -->
