<?xml version="1.0" encoding="UTF-8"?>
<!-- Generated by org.testng.reporters.JUnitReportReporter -->
<testsuite hostname="SMRUTI-SOURAV" failures="0" tests="4" name="com.sdw.tests.ResidentLoginTests" time="84.735" errors="0" timestamp="06 Feb 2024 18:17:01 GMT" skipped="0">
  <testcase classname="com.sdw.tests.ResidentLoginTests" name="visibilityOfContactForm" time="21.254"/>
  <testcase classname="com.sdw.tests.ResidentLoginTests" name="selectOptionsFromDropDown" time="21.760"/>
  <testcase classname="com.sdw.tests.ResidentLoginTests" name="validateOptionsFromDropDown" time="21.049"/>
  <testcase classname="com.sdw.tests.ResidentLoginTests" name="validateMandatoryField" time="20.672"/>
</testsuite> <!-- com.sdw.tests.ResidentLoginTests -->
