<?xml version="1.0" encoding="UTF-8"?>
<!-- Generated by org.testng.reporters.JUnitReportReporter -->
<testsuite hostname="SMRUTI-SOURAV" failures="0" tests="3" name="com.sdw.tests.HomePageTest" time="44.987" errors="0" timestamp="06 Feb 2024 18:51:31 GMT" skipped="0">
  <testcase classname="com.sdw.tests.HomePageTest" name="validateTheTitleOfHomePage" time="13.373"/>
  <testcase classname="com.sdw.tests.HomePageTest" name="validateTitleOfAccountingPage" time="17.577"/>
  <testcase classname="com.sdw.tests.HomePageTest" name="validateTitleOfMarketingAndExploringPage" time="14.037"/>
</testsuite> <!-- com.sdw.tests.HomePageTest -->
