<?xml version="1.0" encoding="UTF-8"?>
<!-- Generated by org.testng.reporters.JUnitReportReporter -->
<testsuite hostname="SMRUTI-SOURAV" failures="0" tests="4" name="com.sdw.tests.ResidentLoginTests" time="95.649" errors="0" timestamp="06 Feb 2024 18:51:31 GMT" skipped="0">
  <testcase classname="com.sdw.tests.ResidentLoginTests" name="selectOptionsFromDropDown" time="23.832"/>
  <testcase classname="com.sdw.tests.ResidentLoginTests" name="validateOptionsFromDropDown" time="24.411"/>
  <testcase classname="com.sdw.tests.ResidentLoginTests" name="validateMandatoryField" time="24.357"/>
  <testcase classname="com.sdw.tests.ResidentLoginTests" name="visibilityOfContactForm" time="23.049"/>
</testsuite> <!-- com.sdw.tests.ResidentLoginTests -->
